#
# There is insufficient memory for the Java Runtime Environment to continue.
# Native memory allocation (mmap) failed to map 520192 bytes for G1 virtual space
# Possible reasons:
#   The system is out of physical RAM or swap space
#   The process is running with CompressedOops enabled, and the Java Heap may be blocking the growth of the native heap
# Possible solutions:
#   Reduce memory load on the system
#   Increase physical memory or swap space
#   Check if swap backing store is full
#   Decrease Java heap size (-Xmx/-Xms)
#   Decrease number of Java threads
#   Decrease Java thread stack sizes (-Xss)
#   Set larger code cache with -XX:ReservedCodeCacheSize=
#   JVM is running with Zero Based Compressed Oops mode in which the Java heap is
#     placed in the first 32GB address space. The Java Heap base address is the
#     maximum limit for the native heap growth. Please use -XX:HeapBaseMinAddress
#     to set the Java Heap base and to place the Java Heap above 32GB virtual address.
# This output file may be truncated or incomplete.
#
#  Out of Memory Error (os_windows.cpp:3769), pid=30904, tid=8544
#
# JRE version:  (17.0.6) (build )
# Java VM: OpenJDK 64-Bit Server VM (17.0.6+0-b2043.56-10027231, mixed mode, sharing, tiered, compressed oops, compressed class ptrs, g1 gc, windows-amd64)
# No core dump will be written. Minidumps are not enabled by default on client versions of Windows
#

---------------  S U M M A R Y ------------

Command Line: 

Host: Intel(R) Core(TM) i7-8665U CPU @ 1.90GHz, 8 cores, 15G,  Windows 11 , 64 bit Build 22621 (10.0.22621.3085)
Time: Mon May 20 12:03:21 2024 South Africa Standard Time elapsed time: 0.008601 seconds (0d 0h 0m 0s)

---------------  T H R E A D  ---------------

Current thread (0x0000018fb2ddedd0):  JavaThread "Unknown thread" [_thread_in_vm, id=8544, stack(0x0000000d6c700000,0x0000000d6c800000)]

Stack: [0x0000000d6c700000,0x0000000d6c800000]
Native frames: (J=compiled Java code, j=interpreted, Vv=VM code, C=native code)
V  [jvm.dll+0x683c9a]
V  [jvm.dll+0x8427a4]
V  [jvm.dll+0x843f9e]
V  [jvm.dll+0x844603]
V  [jvm.dll+0x249b75]
V  [jvm.dll+0x680b69]
V  [jvm.dll+0x67505a]
V  [jvm.dll+0x309acb]
V  [jvm.dll+0x310f86]
V  [jvm.dll+0x36093b]
V  [jvm.dll+0x360b1f]
V  [jvm.dll+0x2dfbf8]
V  [jvm.dll+0x2e0b64]
V  [jvm.dll+0x814091]
V  [jvm.dll+0x36e6a1]
V  [jvm.dll+0x7f35cc]
V  [jvm.dll+0x3f0e8f]
V  [jvm.dll+0x3f29d1]
C  [jli.dll+0x526b]
C  [ucrtbase.dll+0x29363]
C  [KERNEL32.DLL+0x1257d]
C  [ntdll.dll+0x5aa58]


---------------  P R O C E S S  ---------------

Threads class SMR info:
_java_thread_list=0x00007ff94921c058, length=0, elements={
}

Java Threads: ( => current thread )

Other Threads:
  0x0000018fb2e4a3e0 GCTaskThread "GC Thread#0" [stack: 0x0000000d6c800000,0x0000000d6c900000] [id=1548]
  0x0000018fb2e5af30 ConcurrentGCThread "G1 Main Marker" [stack: 0x0000000d6c900000,0x0000000d6ca00000] [id=5444]
  0x0000018fb2e5b940 ConcurrentGCThread "G1 Conc#0" [stack: 0x0000000d6ca00000,0x0000000d6cb00000] [id=10540]

[error occurred during error reporting (printing all threads), id 0xc0000005, EXCEPTION_ACCESS_VIOLATION (0xc0000005) at pc=0x00007ff9489d0797]

VM state: not at safepoint (not fully initialized)

VM Mutex/Monitor currently owned by a thread:  ([mutex/lock_event])
[0x0000018fb2ddaef0] Heap_lock - owner thread: 0x0000018fb2ddedd0

Heap address: 0x0000000703e00000, size: 4034 MB, Compressed Oops mode: Zero based, Oop shift amount: 3

CDS archive(s) mapped at: [0x0000000000000000-0x0000000000000000-0x0000000000000000), size 0, SharedBaseAddress: 0x0000000800000000, ArchiveRelocationMode: 0.
Narrow klass base: 0x0000000000000000, Narrow klass shift: 0, Narrow klass range: 0x0

GC Precious Log:
<Empty>

Heap:
 garbage-first heap   total 0K, used 0K [0x0000000703e00000, 0x0000000800000000)
  region size 2048K, 0 young (0K), 0 survivors (0K)

[error occurred during error reporting (printing heap information), id 0xc0000005, EXCEPTION_ACCESS_VIOLATION (0xc0000005) at pc=0x00007ff948dbda89]

GC Heap History (0 events):
No events

Dll operation events (1 events):
Event: 0.005 Loaded shared library C:\Program Files\Android\Android Studio\jbr\bin\java.dll

Deoptimization events (0 events):
No events

Classes unloaded (0 events):
No events

Classes redefined (0 events):
No events

Internal exceptions (0 events):
No events

VM Operations (0 events):
No events

Events (0 events):
No events


Dynamic libraries:
0x00007ff72edb0000 - 0x00007ff72edba000 	C:\Program Files\Android\Android Studio\jbr\bin\java.EXE
0x00007ff9cbcb0000 - 0x00007ff9cbec7000 	C:\WINDOWS\SYSTEM32\ntdll.dll
0x00007ff9ca920000 - 0x00007ff9ca9e4000 	C:\WINDOWS\System32\KERNEL32.DLL
0x00007ff9c9250000 - 0x00007ff9c95f6000 	C:\WINDOWS\System32\KERNELBASE.dll
0x00007ff9c9840000 - 0x00007ff9c9951000 	C:\WINDOWS\System32\ucrtbase.dll
0x00007ff9b46a0000 - 0x00007ff9b46b7000 	C:\Program Files\Android\Android Studio\jbr\bin\jli.dll
0x00007ff9afe10000 - 0x00007ff9afe2b000 	C:\Program Files\Android\Android Studio\jbr\bin\VCRUNTIME140.dll
0x00007ff9c9a50000 - 0x00007ff9c9bfe000 	C:\WINDOWS\System32\USER32.dll
0x00007ff9c9960000 - 0x00007ff9c9986000 	C:\WINDOWS\System32\win32u.dll
0x00007ff9a79d0000 - 0x00007ff9a7c63000 	C:\WINDOWS\WinSxS\amd64_microsoft.windows.common-controls_6595b64144ccf1df_6.0.22621.2506_none_270c5ae97388e100\COMCTL32.dll
0x00007ff9c9a00000 - 0x00007ff9c9a29000 	C:\WINDOWS\System32\GDI32.dll
0x00007ff9cbbc0000 - 0x00007ff9cbc67000 	C:\WINDOWS\System32\msvcrt.dll
0x00007ff9c9600000 - 0x00007ff9c9718000 	C:\WINDOWS\System32\gdi32full.dll
0x00007ff9c9720000 - 0x00007ff9c97ba000 	C:\WINDOWS\System32\msvcp_win.dll
0x00007ff9c9cb0000 - 0x00007ff9c9ce1000 	C:\WINDOWS\System32\IMM32.DLL
0x00007ff9b5c90000 - 0x00007ff9b5c9c000 	C:\Program Files\Android\Android Studio\jbr\bin\vcruntime140_1.dll
0x00007ff983190000 - 0x00007ff98321d000 	C:\Program Files\Android\Android Studio\jbr\bin\msvcp140.dll
0x00007ff9486e0000 - 0x00007ff94934e000 	C:\Program Files\Android\Android Studio\jbr\bin\server\jvm.dll
0x00007ff9c9f00000 - 0x00007ff9c9fb3000 	C:\WINDOWS\System32\ADVAPI32.dll
0x00007ff9cbb10000 - 0x00007ff9cbbb8000 	C:\WINDOWS\System32\sechost.dll
0x00007ff9c90b0000 - 0x00007ff9c90d8000 	C:\WINDOWS\System32\bcrypt.dll
0x00007ff9ca2b0000 - 0x00007ff9ca3c7000 	C:\WINDOWS\System32\RPCRT4.dll
0x00007ff9b4520000 - 0x00007ff9b4529000 	C:\WINDOWS\SYSTEM32\WSOCK32.dll
0x00007ff9c07a0000 - 0x00007ff9c07aa000 	C:\WINDOWS\SYSTEM32\VERSION.dll
0x00007ff9c0910000 - 0x00007ff9c0944000 	C:\WINDOWS\SYSTEM32\WINMM.dll
0x00007ff9ca0c0000 - 0x00007ff9ca131000 	C:\WINDOWS\System32\WS2_32.dll
0x00007ff9c8030000 - 0x00007ff9c8048000 	C:\WINDOWS\SYSTEM32\kernel.appcore.dll
0x00007ff9b5560000 - 0x00007ff9b556a000 	C:\Program Files\Android\Android Studio\jbr\bin\jimage.dll
0x00007ff9c4010000 - 0x00007ff9c4243000 	C:\WINDOWS\SYSTEM32\DBGHELP.DLL
0x00007ff9ca3d0000 - 0x00007ff9ca759000 	C:\WINDOWS\System32\combase.dll
0x00007ff9c9cf0000 - 0x00007ff9c9dc7000 	C:\WINDOWS\System32\OLEAUT32.dll
0x00007ff9a7990000 - 0x00007ff9a79c2000 	C:\WINDOWS\SYSTEM32\dbgcore.DLL
0x00007ff9c97c0000 - 0x00007ff9c983a000 	C:\WINDOWS\System32\bcryptPrimitives.dll
0x00007ff9a6030000 - 0x00007ff9a6055000 	C:\Program Files\Android\Android Studio\jbr\bin\java.dll

dbghelp: loaded successfully - version: 4.0.5 - missing functions: none
symbol engine: initialized successfully - sym options: 0x614 - pdb path: .;C:\Program Files\Android\Android Studio\jbr\bin;C:\WINDOWS\SYSTEM32;C:\WINDOWS\WinSxS\amd64_microsoft.windows.common-controls_6595b64144ccf1df_6.0.22621.2506_none_270c5ae97388e100;C:\Program Files\Android\Android Studio\jbr\bin\server

VM Arguments:
java_command: <unknown>
java_class_path (initial): <not set>
Launcher Type: SUN_STANDARD

[Global flags]
     intx CICompilerCount                          = 4                                         {product} {ergonomic}
     uint ConcGCThreads                            = 2                                         {product} {ergonomic}
     uint G1ConcRefinementThreads                  = 8                                         {product} {ergonomic}
   size_t G1HeapRegionSize                         = 2097152                                   {product} {ergonomic}
    uintx GCDrainStackTargetSize                   = 64                                        {product} {ergonomic}
   size_t InitialHeapSize                          = 266338304                                 {product} {ergonomic}
   size_t MarkStackSize                            = 4194304                                   {product} {ergonomic}
   size_t MaxHeapSize                              = 4229955584                                {product} {ergonomic}
   size_t MinHeapDeltaBytes                        = 2097152                                   {product} {ergonomic}
   size_t MinHeapSize                              = 8388608                                   {product} {ergonomic}
    uintx NonNMethodCodeHeapSize                   = 5839372                                {pd product} {ergonomic}
    uintx NonProfiledCodeHeapSize                  = 122909434                              {pd product} {ergonomic}
    uintx ProfiledCodeHeapSize                     = 122909434                              {pd product} {ergonomic}
    uintx ReservedCodeCacheSize                    = 251658240                              {pd product} {ergonomic}
     bool SegmentedCodeCache                       = true                                      {product} {ergonomic}
   size_t SoftMaxHeapSize                          = 4229955584                             {manageable} {ergonomic}
     bool UseCompressedClassPointers               = true                           {product lp64_product} {ergonomic}
     bool UseCompressedOops                        = true                           {product lp64_product} {ergonomic}
     bool UseG1GC                                  = true                                      {product} {ergonomic}
     bool UseLargePagesIndividualAllocation        = false                                  {pd product} {ergonomic}

Logging:
Log output configuration:
 #0: stdout all=warning uptime,level,tags
 #1: stderr all=off uptime,level,tags

Environment Variables:
JAVA_HOME=C:\Program Files\Android\Android Studio\jbr
PATH=C:\Program Files\Android\Android Studio\jbr\bin;C:\Program Files\Microsoft\jdk-11.0.16.101-hotspot\bin;C:\app\oracle\product\11.2.0\client_1\bin;C:\app\oracle\product\11.2.0\dbhome_1\bin;C:\Program Files (x86)\NVIDIA Corporation\PhysX\Common;C:\WINDOWS\system32;C:\WINDOWS;C:\WINDOWS\System32\Wbem;C:\WINDOWS\System32\WindowsPowerShell\v1.0\;C:\WINDOWS\System32\OpenSSH\;C:\Program Files\Git\cmd;C:\Program Files\Microsoft SQL Server\150\Tools\Binn\;C:\Program Files\Microsoft SQL Server\Client SDK\ODBC\170\Tools\Binn\;C:\Users\Sbudah\AppData\Local\Pub\Cache\bin;C:\Program Files\nodejs\;C:\Program Files (x86)\Microsoft SQL Server\160\DTS\Binn\;C:\Program Files\Azure Data Studio\bin;C:\Program Files (x86)\Microsoft SQL Server\160\Tools\Binn\;C:\Program Files\Microsoft SQL Server\160\Tools\Binn\;C:\Program Files\Microsoft SQL Server\160\DTS\Binn\;C:\Program Files\dotnet\;C:\Users\Sbudah\AppData\Local\Microsoft\WindowsApps;C:\Users\Sbudah\AppData\Local\Programs\Microsoft VS Code\bin;C:\Users\Sbudah\Developer\flutter\bin;C:\Users\Sbudah\AppData\Local\Pub\Cache\bin;C:\Users\Sbudah\AppData\Roaming\npm;;C:\Program Files\Azure Data Studio\bin;C:\Users\Sbudah\.dotnet\tools;C:\Users\Sbudah\Developer\flutter\bin\mingit\cmd;C:\Users\Sbudah\Developer\flutter\bin\mingit\cmd
USERNAME=Sbudah
OS=Windows_NT
PROCESSOR_IDENTIFIER=Intel64 Family 6 Model 142 Stepping 12, GenuineIntel
TMP=C:\Users\Sbudah\AppData\Local\Temp
TEMP=C:\Users\Sbudah\AppData\Local\Temp


JNI global refs:

[error occurred during error reporting (JNI global references), id 0xc0000005, EXCEPTION_ACCESS_VIOLATION (0xc0000005) at pc=0x00007ff948797a10]


---------------  S Y S T E M  ---------------

OS:
 Windows 11 , 64 bit Build 22621 (10.0.22621.3085)
OS uptime: 4 days 3:48 hours

CPU: total 8 (initial active 8) (4 cores per cpu, 2 threads per core) family 6 model 142 stepping 12 microcode 0xde, cx8, cmov, fxsr, ht, mmx, 3dnowpref, sse, sse2, sse3, ssse3, sse4.1, sse4.2, popcnt, lzcnt, tsc, tscinvbit, avx, avx2, aes, erms, clmul, bmi1, bmi2, adx, fma, vzeroupper, clflush, clflushopt

Memory: 4k page, system-wide physical 16133M (1868M free)
TotalPageFile size 65285M (AvailPageFile size 5M)
current process WorkingSet (physical memory assigned to process): 11M, peak: 11M
current process commit charge ("private bytes"): 323M, peak: 323M

vm_info: OpenJDK 64-Bit Server VM (17.0.6+0-b2043.56-10027231) for windows-amd64 JRE (17.0.6+0-b2043.56-10027231), built on Apr 28 2023 00:43:19 by "androidbuild" with MS VC++ 16.10 / 16.11 (VS2019)

END.
