#
# There is insufficient memory for the Java Runtime Environment to continue.
# Native memory allocation (malloc) failed to allocate 197056 bytes for Chunk::new
# Possible reasons:
#   The system is out of physical RAM or swap space
#   The process is running with CompressedOops enabled, and the Java Heap may be blocking the growth of the native heap
# Possible solutions:
#   Reduce memory load on the system
#   Increase physical memory or swap space
#   Check if swap backing store is full
#   Decrease Java heap size (-Xmx/-Xms)
#   Decrease number of Java threads
#   Decrease Java thread stack sizes (-Xss)
#   Set larger code cache with -XX:ReservedCodeCacheSize=
#   JVM is running with Zero Based Compressed Oops mode in which the Java heap is
#     placed in the first 32GB address space. The Java Heap base address is the
#     maximum limit for the native heap growth. Please use -XX:HeapBaseMinAddress
#     to set the Java Heap base and to place the Java Heap above 32GB virtual address.
# This output file may be truncated or incomplete.
#
#  Out of Memory Error (arena.cpp:189), pid=33596, tid=14416
#
# JRE version: OpenJDK Runtime Environment (17.0.6) (build 17.0.6+0-b2043.56-10027231)
# Java VM: OpenJDK 64-Bit Server VM (17.0.6+0-b2043.56-10027231, mixed mode, tiered, compressed oops, compressed class ptrs, g1 gc, windows-amd64)
# No core dump will be written. Minidumps are not enabled by default on client versions of Windows
#

---------------  S U M M A R Y ------------

Command Line: -Dorg.gradle.appname=gradlew org.gradle.wrapper.GradleWrapperMain -q -Ptarget-platform=android-arm64 -Ptarget=C:\My Projects\Flutter Projects\Health Plus\health_plus\lib\main.dart -Pbase-application-name=android.app.Application -Pdart-defines=RkxVVFRFUl9XRUJfQVVUT19ERVRFQ1Q9dHJ1ZQ==,RkxVVFRFUl9XRUJfQ0FOVkFTS0lUX1VSTD1odHRwczovL3d3dy5nc3RhdGljLmNvbS9mbHV0dGVyLWNhbnZhc2tpdC9hNzk0Y2YyNjgxYzZjOWZlN2IyNjBlMGU4NGRlOTYyOThkYzljMThiLw== -Pdart-obfuscation=false -Ptrack-widget-creation=true -Ptree-shake-icons=false -Pfilesystem-scheme=org-dartlang-root assembleDebug

Host: Intel(R) Core(TM) i7-8665U CPU @ 1.90GHz, 8 cores, 15G,  Windows 11 , 64 bit Build 22621 (10.0.22621.3085)
Time: Mon May 20 12:03:22 2024 South Africa Standard Time elapsed time: 0.344830 seconds (0d 0h 0m 0s)

---------------  T H R E A D  ---------------

Current thread (0x000002313145c830):  JavaThread "C2 CompilerThread0" daemon [_thread_in_native, id=14416, stack(0x0000007af4d00000,0x0000007af4e00000)]


Current CompileTask:
C2:    344  480       4       java.util.HashMap::putVal (300 bytes)

Stack: [0x0000007af4d00000,0x0000007af4e00000]
Native frames: (J=compiled Java code, j=interpreted, Vv=VM code, C=native code)
V  [jvm.dll+0x683c9a]
V  [jvm.dll+0x8427a4]
V  [jvm.dll+0x843f9e]
V  [jvm.dll+0x844603]
V  [jvm.dll+0x249b75]
V  [jvm.dll+0xabcac]
V  [jvm.dll+0xac27c]
V  [jvm.dll+0x2b0eef]
V  [jvm.dll+0x58a267]
V  [jvm.dll+0x2243b2]
V  [jvm.dll+0x21dbe9]
V  [jvm.dll+0x21b51b]
V  [jvm.dll+0x1a4fdd]
V  [jvm.dll+0x22b098]
V  [jvm.dll+0x229159]
V  [jvm.dll+0x7f81ec]
V  [jvm.dll+0x7f274a]
V  [jvm.dll+0x682ad5]
C  [ucrtbase.dll+0x29363]
C  [KERNEL32.DLL+0x1257d]
C  [ntdll.dll+0x5aa58]


---------------  P R O C E S S  ---------------

Threads class SMR info:
_java_thread_list=0x0000023131604f20, length=12, elements={
0x0000023112204670, 0x000002313146f250, 0x00000231314714d0, 0x0000023131457d30,
0x000002313145a7f0, 0x000002313145b1a0, 0x000002313145bb50, 0x000002313145c830,
0x000002313145d220, 0x00000231314a1220, 0x000002313162b550, 0x000002313163f360
}

Java Threads: ( => current thread )
  0x0000023112204670 JavaThread "main" [_thread_in_vm, id=11948, stack(0x0000007af4000000,0x0000007af4100000)]
  0x000002313146f250 JavaThread "Reference Handler" daemon [_thread_blocked, id=30220, stack(0x0000007af4700000,0x0000007af4800000)]
  0x00000231314714d0 JavaThread "Finalizer" daemon [_thread_blocked, id=724, stack(0x0000007af4800000,0x0000007af4900000)]
  0x0000023131457d30 JavaThread "Signal Dispatcher" daemon [_thread_blocked, id=35068, stack(0x0000007af4900000,0x0000007af4a00000)]
  0x000002313145a7f0 JavaThread "Attach Listener" daemon [_thread_blocked, id=29772, stack(0x0000007af4a00000,0x0000007af4b00000)]
  0x000002313145b1a0 JavaThread "Service Thread" daemon [_thread_blocked, id=25880, stack(0x0000007af4b00000,0x0000007af4c00000)]
  0x000002313145bb50 JavaThread "Monitor Deflation Thread" daemon [_thread_blocked, id=26092, stack(0x0000007af4c00000,0x0000007af4d00000)]
=>0x000002313145c830 JavaThread "C2 CompilerThread0" daemon [_thread_in_native, id=14416, stack(0x0000007af4d00000,0x0000007af4e00000)]
  0x000002313145d220 JavaThread "C1 CompilerThread0" daemon [_thread_blocked, id=14824, stack(0x0000007af4e00000,0x0000007af4f00000)]
  0x00000231314a1220 JavaThread "Sweeper thread" daemon [_thread_blocked, id=31700, stack(0x0000007af4f00000,0x0000007af5000000)]
  0x000002313162b550 JavaThread "Notification Thread" daemon [_thread_blocked, id=15444, stack(0x0000007af5000000,0x0000007af5100000)]
  0x000002313163f360 JavaThread "Common-Cleaner" daemon [_thread_blocked, id=10308, stack(0x0000007af5200000,0x0000007af5300000)]

Other Threads:
  0x0000023131448630 VMThread "VM Thread" [stack: 0x0000007af4600000,0x0000007af4700000] [id=15236]
  0x000002313162c840 WatcherThread [stack: 0x0000007af5100000,0x0000007af5200000] [id=12312]
  0x00000231122726b0 GCTaskThread "GC Thread#0" [stack: 0x0000007af4100000,0x0000007af4200000] [id=17536]
  0x0000023112283200 ConcurrentGCThread "G1 Main Marker" [stack: 0x0000007af4200000,0x0000007af4300000] [id=33824]
  0x0000023112283c10 ConcurrentGCThread "G1 Conc#0" [stack: 0x0000007af4300000,0x0000007af4400000] [id=6496]
  0x00000231122be580 ConcurrentGCThread "G1 Refine#0" [stack: 0x0000007af4400000,0x0000007af4500000] [id=33644]
  0x0000023130900150 ConcurrentGCThread "G1 Service" [stack: 0x0000007af4500000,0x0000007af4600000] [id=33712]

Threads with active compile tasks:
C2 CompilerThread0      358  480       4       java.util.HashMap::putVal (300 bytes)

VM state: not at safepoint (normal execution)

VM Mutex/Monitor currently owned by a thread:  ([mutex/lock_event])
[0x000002311013e570] Metaspace_lock - owner thread: 0x0000023112204670

Heap address: 0x0000000703e00000, size: 4034 MB, Compressed Oops mode: Zero based, Oop shift amount: 3

CDS archive(s) not mapped
Compressed class space mapped at: 0x0000000800000000-0x0000000840000000, reserved size: 1073741824
Narrow klass base: 0x0000000800000000, Narrow klass shift: 0, Narrow klass range: 0x40000000

GC Precious Log:
 CPUs: 8 total, 8 available
 Memory: 16133M
 Large Page Support: Disabled
 NUMA Support: Disabled
 Compressed Oops: Enabled (Zero based)
 Heap Region Size: 2M
 Heap Min Capacity: 8M
 Heap Initial Capacity: 254M
 Heap Max Capacity: 4034M
 Pre-touch: Disabled
 Parallel Workers: 8
 Concurrent Workers: 2
 Concurrent Refinement Workers: 8
 Periodic GC: Disabled

Heap:
 garbage-first heap   total 260096K, used 14336K [0x0000000703e00000, 0x0000000800000000)
  region size 2048K, 6 young (12288K), 0 survivors (0K)
 Metaspace       used 8253K, committed 8320K, reserved 1056768K
  class space    used 725K, committed 768K, reserved 1048576K

Heap Regions: E=young(eden), S=young(survivor), O=old, HS=humongous(starts), HC=humongous(continues), CS=collection set, F=free, OA=open archive, CA=closed archive, TAMS=top-at-mark-start (previous, next)
|   0|0x0000000703e00000, 0x0000000704000000, 0x0000000704000000|100%|HS|  |TAMS 0x0000000703e00000, 0x0000000703e00000| Complete 
|   1|0x0000000704000000, 0x0000000704200000, 0x0000000704200000|100%|HC|  |TAMS 0x0000000704000000, 0x0000000704000000| Complete 
|   2|0x0000000704200000, 0x0000000704200000, 0x0000000704400000|  0%| F|  |TAMS 0x0000000704200000, 0x0000000704200000| Untracked 
|   3|0x0000000704400000, 0x0000000704400000, 0x0000000704600000|  0%| F|  |TAMS 0x0000000704400000, 0x0000000704400000| Untracked 
|   4|0x0000000704600000, 0x0000000704600000, 0x0000000704800000|  0%| F|  |TAMS 0x0000000704600000, 0x0000000704600000| Untracked 
|   5|0x0000000704800000, 0x0000000704800000, 0x0000000704a00000|  0%| F|  |TAMS 0x0000000704800000, 0x0000000704800000| Untracked 
|   6|0x0000000704a00000, 0x0000000704a00000, 0x0000000704c00000|  0%| F|  |TAMS 0x0000000704a00000, 0x0000000704a00000| Untracked 
|   7|0x0000000704c00000, 0x0000000704c00000, 0x0000000704e00000|  0%| F|  |TAMS 0x0000000704c00000, 0x0000000704c00000| Untracked 
|   8|0x0000000704e00000, 0x0000000704e00000, 0x0000000705000000|  0%| F|  |TAMS 0x0000000704e00000, 0x0000000704e00000| Untracked 
|   9|0x0000000705000000, 0x0000000705000000, 0x0000000705200000|  0%| F|  |TAMS 0x0000000705000000, 0x0000000705000000| Untracked 
|  10|0x0000000705200000, 0x0000000705200000, 0x0000000705400000|  0%| F|  |TAMS 0x0000000705200000, 0x0000000705200000| Untracked 
|  11|0x0000000705400000, 0x0000000705400000, 0x0000000705600000|  0%| F|  |TAMS 0x0000000705400000, 0x0000000705400000| Untracked 
|  12|0x0000000705600000, 0x0000000705600000, 0x0000000705800000|  0%| F|  |TAMS 0x0000000705600000, 0x0000000705600000| Untracked 
|  13|0x0000000705800000, 0x0000000705800000, 0x0000000705a00000|  0%| F|  |TAMS 0x0000000705800000, 0x0000000705800000| Untracked 
|  14|0x0000000705a00000, 0x0000000705a00000, 0x0000000705c00000|  0%| F|  |TAMS 0x0000000705a00000, 0x0000000705a00000| Untracked 
|  15|0x0000000705c00000, 0x0000000705c00000, 0x0000000705e00000|  0%| F|  |TAMS 0x0000000705c00000, 0x0000000705c00000| Untracked 
|  16|0x0000000705e00000, 0x0000000705e00000, 0x0000000706000000|  0%| F|  |TAMS 0x0000000705e00000, 0x0000000705e00000| Untracked 
|  17|0x0000000706000000, 0x0000000706000000, 0x0000000706200000|  0%| F|  |TAMS 0x0000000706000000, 0x0000000706000000| Untracked 
|  18|0x0000000706200000, 0x0000000706200000, 0x0000000706400000|  0%| F|  |TAMS 0x0000000706200000, 0x0000000706200000| Untracked 
|  19|0x0000000706400000, 0x0000000706400000, 0x0000000706600000|  0%| F|  |TAMS 0x0000000706400000, 0x0000000706400000| Untracked 
|  20|0x0000000706600000, 0x0000000706600000, 0x0000000706800000|  0%| F|  |TAMS 0x0000000706600000, 0x0000000706600000| Untracked 
|  21|0x0000000706800000, 0x0000000706800000, 0x0000000706a00000|  0%| F|  |TAMS 0x0000000706800000, 0x0000000706800000| Untracked 
|  22|0x0000000706a00000, 0x0000000706a00000, 0x0000000706c00000|  0%| F|  |TAMS 0x0000000706a00000, 0x0000000706a00000| Untracked 
|  23|0x0000000706c00000, 0x0000000706c00000, 0x0000000706e00000|  0%| F|  |TAMS 0x0000000706c00000, 0x0000000706c00000| Untracked 
|  24|0x0000000706e00000, 0x0000000706e00000, 0x0000000707000000|  0%| F|  |TAMS 0x0000000706e00000, 0x0000000706e00000| Untracked 
|  25|0x0000000707000000, 0x0000000707000000, 0x0000000707200000|  0%| F|  |TAMS 0x0000000707000000, 0x0000000707000000| Untracked 
|  26|0x0000000707200000, 0x0000000707200000, 0x0000000707400000|  0%| F|  |TAMS 0x0000000707200000, 0x0000000707200000| Untracked 
|  27|0x0000000707400000, 0x0000000707400000, 0x0000000707600000|  0%| F|  |TAMS 0x0000000707400000, 0x0000000707400000| Untracked 
|  28|0x0000000707600000, 0x0000000707600000, 0x0000000707800000|  0%| F|  |TAMS 0x0000000707600000, 0x0000000707600000| Untracked 
|  29|0x0000000707800000, 0x0000000707800000, 0x0000000707a00000|  0%| F|  |TAMS 0x0000000707800000, 0x0000000707800000| Untracked 
|  30|0x0000000707a00000, 0x0000000707a00000, 0x0000000707c00000|  0%| F|  |TAMS 0x0000000707a00000, 0x0000000707a00000| Untracked 
|  31|0x0000000707c00000, 0x0000000707c00000, 0x0000000707e00000|  0%| F|  |TAMS 0x0000000707c00000, 0x0000000707c00000| Untracked 
|  32|0x0000000707e00000, 0x0000000707e00000, 0x0000000708000000|  0%| F|  |TAMS 0x0000000707e00000, 0x0000000707e00000| Untracked 
|  33|0x0000000708000000, 0x0000000708000000, 0x0000000708200000|  0%| F|  |TAMS 0x0000000708000000, 0x0000000708000000| Untracked 
|  34|0x0000000708200000, 0x0000000708200000, 0x0000000708400000|  0%| F|  |TAMS 0x0000000708200000, 0x0000000708200000| Untracked 
|  35|0x0000000708400000, 0x0000000708400000, 0x0000000708600000|  0%| F|  |TAMS 0x0000000708400000, 0x0000000708400000| Untracked 
|  36|0x0000000708600000, 0x0000000708600000, 0x0000000708800000|  0%| F|  |TAMS 0x0000000708600000, 0x0000000708600000| Untracked 
|  37|0x0000000708800000, 0x0000000708800000, 0x0000000708a00000|  0%| F|  |TAMS 0x0000000708800000, 0x0000000708800000| Untracked 
|  38|0x0000000708a00000, 0x0000000708a00000, 0x0000000708c00000|  0%| F|  |TAMS 0x0000000708a00000, 0x0000000708a00000| Untracked 
|  39|0x0000000708c00000, 0x0000000708c00000, 0x0000000708e00000|  0%| F|  |TAMS 0x0000000708c00000, 0x0000000708c00000| Untracked 
|  40|0x0000000708e00000, 0x0000000708e00000, 0x0000000709000000|  0%| F|  |TAMS 0x0000000708e00000, 0x0000000708e00000| Untracked 
|  41|0x0000000709000000, 0x0000000709000000, 0x0000000709200000|  0%| F|  |TAMS 0x0000000709000000, 0x0000000709000000| Untracked 
|  42|0x0000000709200000, 0x0000000709200000, 0x0000000709400000|  0%| F|  |TAMS 0x0000000709200000, 0x0000000709200000| Untracked 
|  43|0x0000000709400000, 0x0000000709400000, 0x0000000709600000|  0%| F|  |TAMS 0x0000000709400000, 0x0000000709400000| Untracked 
|  44|0x0000000709600000, 0x0000000709600000, 0x0000000709800000|  0%| F|  |TAMS 0x0000000709600000, 0x0000000709600000| Untracked 
|  45|0x0000000709800000, 0x0000000709800000, 0x0000000709a00000|  0%| F|  |TAMS 0x0000000709800000, 0x0000000709800000| Untracked 
|  46|0x0000000709a00000, 0x0000000709a00000, 0x0000000709c00000|  0%| F|  |TAMS 0x0000000709a00000, 0x0000000709a00000| Untracked 
|  47|0x0000000709c00000, 0x0000000709c00000, 0x0000000709e00000|  0%| F|  |TAMS 0x0000000709c00000, 0x0000000709c00000| Untracked 
|  48|0x0000000709e00000, 0x0000000709e00000, 0x000000070a000000|  0%| F|  |TAMS 0x0000000709e00000, 0x0000000709e00000| Untracked 
|  49|0x000000070a000000, 0x000000070a000000, 0x000000070a200000|  0%| F|  |TAMS 0x000000070a000000, 0x000000070a000000| Untracked 
|  50|0x000000070a200000, 0x000000070a200000, 0x000000070a400000|  0%| F|  |TAMS 0x000000070a200000, 0x000000070a200000| Untracked 
|  51|0x000000070a400000, 0x000000070a400000, 0x000000070a600000|  0%| F|  |TAMS 0x000000070a400000, 0x000000070a400000| Untracked 
|  52|0x000000070a600000, 0x000000070a600000, 0x000000070a800000|  0%| F|  |TAMS 0x000000070a600000, 0x000000070a600000| Untracked 
|  53|0x000000070a800000, 0x000000070a800000, 0x000000070aa00000|  0%| F|  |TAMS 0x000000070a800000, 0x000000070a800000| Untracked 
|  54|0x000000070aa00000, 0x000000070aa00000, 0x000000070ac00000|  0%| F|  |TAMS 0x000000070aa00000, 0x000000070aa00000| Untracked 
|  55|0x000000070ac00000, 0x000000070ac00000, 0x000000070ae00000|  0%| F|  |TAMS 0x000000070ac00000, 0x000000070ac00000| Untracked 
|  56|0x000000070ae00000, 0x000000070ae00000, 0x000000070b000000|  0%| F|  |TAMS 0x000000070ae00000, 0x000000070ae00000| Untracked 
|  57|0x000000070b000000, 0x000000070b000000, 0x000000070b200000|  0%| F|  |TAMS 0x000000070b000000, 0x000000070b000000| Untracked 
|  58|0x000000070b200000, 0x000000070b200000, 0x000000070b400000|  0%| F|  |TAMS 0x000000070b200000, 0x000000070b200000| Untracked 
|  59|0x000000070b400000, 0x000000070b400000, 0x000000070b600000|  0%| F|  |TAMS 0x000000070b400000, 0x000000070b400000| Untracked 
|  60|0x000000070b600000, 0x000000070b600000, 0x000000070b800000|  0%| F|  |TAMS 0x000000070b600000, 0x000000070b600000| Untracked 
|  61|0x000000070b800000, 0x000000070b800000, 0x000000070ba00000|  0%| F|  |TAMS 0x000000070b800000, 0x000000070b800000| Untracked 
|  62|0x000000070ba00000, 0x000000070ba00000, 0x000000070bc00000|  0%| F|  |TAMS 0x000000070ba00000, 0x000000070ba00000| Untracked 
|  63|0x000000070bc00000, 0x000000070bc00000, 0x000000070be00000|  0%| F|  |TAMS 0x000000070bc00000, 0x000000070bc00000| Untracked 
|  64|0x000000070be00000, 0x000000070be00000, 0x000000070c000000|  0%| F|  |TAMS 0x000000070be00000, 0x000000070be00000| Untracked 
|  65|0x000000070c000000, 0x000000070c000000, 0x000000070c200000|  0%| F|  |TAMS 0x000000070c000000, 0x000000070c000000| Untracked 
|  66|0x000000070c200000, 0x000000070c200000, 0x000000070c400000|  0%| F|  |TAMS 0x000000070c200000, 0x000000070c200000| Untracked 
|  67|0x000000070c400000, 0x000000070c400000, 0x000000070c600000|  0%| F|  |TAMS 0x000000070c400000, 0x000000070c400000| Untracked 
|  68|0x000000070c600000, 0x000000070c600000, 0x000000070c800000|  0%| F|  |TAMS 0x000000070c600000, 0x000000070c600000| Untracked 
|  69|0x000000070c800000, 0x000000070c800000, 0x000000070ca00000|  0%| F|  |TAMS 0x000000070c800000, 0x000000070c800000| Untracked 
|  70|0x000000070ca00000, 0x000000070ca00000, 0x000000070cc00000|  0%| F|  |TAMS 0x000000070ca00000, 0x000000070ca00000| Untracked 
|  71|0x000000070cc00000, 0x000000070cc00000, 0x000000070ce00000|  0%| F|  |TAMS 0x000000070cc00000, 0x000000070cc00000| Untracked 
|  72|0x000000070ce00000, 0x000000070ce00000, 0x000000070d000000|  0%| F|  |TAMS 0x000000070ce00000, 0x000000070ce00000| Untracked 
|  73|0x000000070d000000, 0x000000070d000000, 0x000000070d200000|  0%| F|  |TAMS 0x000000070d000000, 0x000000070d000000| Untracked 
|  74|0x000000070d200000, 0x000000070d200000, 0x000000070d400000|  0%| F|  |TAMS 0x000000070d200000, 0x000000070d200000| Untracked 
|  75|0x000000070d400000, 0x000000070d400000, 0x000000070d600000|  0%| F|  |TAMS 0x000000070d400000, 0x000000070d400000| Untracked 
|  76|0x000000070d600000, 0x000000070d600000, 0x000000070d800000|  0%| F|  |TAMS 0x000000070d600000, 0x000000070d600000| Untracked 
|  77|0x000000070d800000, 0x000000070d800000, 0x000000070da00000|  0%| F|  |TAMS 0x000000070d800000, 0x000000070d800000| Untracked 
|  78|0x000000070da00000, 0x000000070da00000, 0x000000070dc00000|  0%| F|  |TAMS 0x000000070da00000, 0x000000070da00000| Untracked 
|  79|0x000000070dc00000, 0x000000070dc00000, 0x000000070de00000|  0%| F|  |TAMS 0x000000070dc00000, 0x000000070dc00000| Untracked 
|  80|0x000000070de00000, 0x000000070de00000, 0x000000070e000000|  0%| F|  |TAMS 0x000000070de00000, 0x000000070de00000| Untracked 
|  81|0x000000070e000000, 0x000000070e000000, 0x000000070e200000|  0%| F|  |TAMS 0x000000070e000000, 0x000000070e000000| Untracked 
|  82|0x000000070e200000, 0x000000070e200000, 0x000000070e400000|  0%| F|  |TAMS 0x000000070e200000, 0x000000070e200000| Untracked 
|  83|0x000000070e400000, 0x000000070e400000, 0x000000070e600000|  0%| F|  |TAMS 0x000000070e400000, 0x000000070e400000| Untracked 
|  84|0x000000070e600000, 0x000000070e600000, 0x000000070e800000|  0%| F|  |TAMS 0x000000070e600000, 0x000000070e600000| Untracked 
|  85|0x000000070e800000, 0x000000070e800000, 0x000000070ea00000|  0%| F|  |TAMS 0x000000070e800000, 0x000000070e800000| Untracked 
|  86|0x000000070ea00000, 0x000000070ea00000, 0x000000070ec00000|  0%| F|  |TAMS 0x000000070ea00000, 0x000000070ea00000| Untracked 
|  87|0x000000070ec00000, 0x000000070ec00000, 0x000000070ee00000|  0%| F|  |TAMS 0x000000070ec00000, 0x000000070ec00000| Untracked 
|  88|0x000000070ee00000, 0x000000070ee00000, 0x000000070f000000|  0%| F|  |TAMS 0x000000070ee00000, 0x000000070ee00000| Untracked 
|  89|0x000000070f000000, 0x000000070f000000, 0x000000070f200000|  0%| F|  |TAMS 0x000000070f000000, 0x000000070f000000| Untracked 
|  90|0x000000070f200000, 0x000000070f200000, 0x000000070f400000|  0%| F|  |TAMS 0x000000070f200000, 0x000000070f200000| Untracked 
|  91|0x000000070f400000, 0x000000070f400000, 0x000000070f600000|  0%| F|  |TAMS 0x000000070f400000, 0x000000070f400000| Untracked 
|  92|0x000000070f600000, 0x000000070f600000, 0x000000070f800000|  0%| F|  |TAMS 0x000000070f600000, 0x000000070f600000| Untracked 
|  93|0x000000070f800000, 0x000000070f800000, 0x000000070fa00000|  0%| F|  |TAMS 0x000000070f800000, 0x000000070f800000| Untracked 
|  94|0x000000070fa00000, 0x000000070fa00000, 0x000000070fc00000|  0%| F|  |TAMS 0x000000070fa00000, 0x000000070fa00000| Untracked 
|  95|0x000000070fc00000, 0x000000070fc00000, 0x000000070fe00000|  0%| F|  |TAMS 0x000000070fc00000, 0x000000070fc00000| Untracked 
|  96|0x000000070fe00000, 0x000000070fe00000, 0x0000000710000000|  0%| F|  |TAMS 0x000000070fe00000, 0x000000070fe00000| Untracked 
|  97|0x0000000710000000, 0x0000000710000000, 0x0000000710200000|  0%| F|  |TAMS 0x0000000710000000, 0x0000000710000000| Untracked 
|  98|0x0000000710200000, 0x0000000710200000, 0x0000000710400000|  0%| F|  |TAMS 0x0000000710200000, 0x0000000710200000| Untracked 
|  99|0x0000000710400000, 0x0000000710400000, 0x0000000710600000|  0%| F|  |TAMS 0x0000000710400000, 0x0000000710400000| Untracked 
| 100|0x0000000710600000, 0x0000000710600000, 0x0000000710800000|  0%| F|  |TAMS 0x0000000710600000, 0x0000000710600000| Untracked 
| 101|0x0000000710800000, 0x0000000710800000, 0x0000000710a00000|  0%| F|  |TAMS 0x0000000710800000, 0x0000000710800000| Untracked 
| 102|0x0000000710a00000, 0x0000000710a00000, 0x0000000710c00000|  0%| F|  |TAMS 0x0000000710a00000, 0x0000000710a00000| Untracked 
| 103|0x0000000710c00000, 0x0000000710c00000, 0x0000000710e00000|  0%| F|  |TAMS 0x0000000710c00000, 0x0000000710c00000| Untracked 
| 104|0x0000000710e00000, 0x0000000710e00000, 0x0000000711000000|  0%| F|  |TAMS 0x0000000710e00000, 0x0000000710e00000| Untracked 
| 105|0x0000000711000000, 0x0000000711000000, 0x0000000711200000|  0%| F|  |TAMS 0x0000000711000000, 0x0000000711000000| Untracked 
| 106|0x0000000711200000, 0x0000000711200000, 0x0000000711400000|  0%| F|  |TAMS 0x0000000711200000, 0x0000000711200000| Untracked 
| 107|0x0000000711400000, 0x0000000711400000, 0x0000000711600000|  0%| F|  |TAMS 0x0000000711400000, 0x0000000711400000| Untracked 
| 108|0x0000000711600000, 0x0000000711600000, 0x0000000711800000|  0%| F|  |TAMS 0x0000000711600000, 0x0000000711600000| Untracked 
| 109|0x0000000711800000, 0x0000000711800000, 0x0000000711a00000|  0%| F|  |TAMS 0x0000000711800000, 0x0000000711800000| Untracked 
| 110|0x0000000711a00000, 0x0000000711a00000, 0x0000000711c00000|  0%| F|  |TAMS 0x0000000711a00000, 0x0000000711a00000| Untracked 
| 111|0x0000000711c00000, 0x0000000711c00000, 0x0000000711e00000|  0%| F|  |TAMS 0x0000000711c00000, 0x0000000711c00000| Untracked 
| 112|0x0000000711e00000, 0x0000000711e00000, 0x0000000712000000|  0%| F|  |TAMS 0x0000000711e00000, 0x0000000711e00000| Untracked 
| 113|0x0000000712000000, 0x0000000712000000, 0x0000000712200000|  0%| F|  |TAMS 0x0000000712000000, 0x0000000712000000| Untracked 
| 114|0x0000000712200000, 0x0000000712200000, 0x0000000712400000|  0%| F|  |TAMS 0x0000000712200000, 0x0000000712200000| Untracked 
| 115|0x0000000712400000, 0x0000000712400000, 0x0000000712600000|  0%| F|  |TAMS 0x0000000712400000, 0x0000000712400000| Untracked 
| 116|0x0000000712600000, 0x0000000712600000, 0x0000000712800000|  0%| F|  |TAMS 0x0000000712600000, 0x0000000712600000| Untracked 
| 117|0x0000000712800000, 0x0000000712800000, 0x0000000712a00000|  0%| F|  |TAMS 0x0000000712800000, 0x0000000712800000| Untracked 
| 118|0x0000000712a00000, 0x0000000712a00000, 0x0000000712c00000|  0%| F|  |TAMS 0x0000000712a00000, 0x0000000712a00000| Untracked 
| 119|0x0000000712c00000, 0x0000000712c00000, 0x0000000712e00000|  0%| F|  |TAMS 0x0000000712c00000, 0x0000000712c00000| Untracked 
| 120|0x0000000712e00000, 0x0000000712e00000, 0x0000000713000000|  0%| F|  |TAMS 0x0000000712e00000, 0x0000000712e00000| Untracked 
| 121|0x0000000713000000, 0x00000007131c3380, 0x0000000713200000| 88%| E|  |TAMS 0x0000000713000000, 0x0000000713000000| Complete 
| 122|0x0000000713200000, 0x0000000713400000, 0x0000000713400000|100%| E|CS|TAMS 0x0000000713200000, 0x0000000713200000| Complete 
| 123|0x0000000713400000, 0x0000000713600000, 0x0000000713600000|100%| E|CS|TAMS 0x0000000713400000, 0x0000000713400000| Complete 
| 124|0x0000000713600000, 0x0000000713800000, 0x0000000713800000|100%| E|CS|TAMS 0x0000000713600000, 0x0000000713600000| Complete 
| 125|0x0000000713800000, 0x0000000713a00000, 0x0000000713a00000|100%| E|CS|TAMS 0x0000000713800000, 0x0000000713800000| Complete 
| 126|0x0000000713a00000, 0x0000000713c00000, 0x0000000713c00000|100%| E|CS|TAMS 0x0000000713a00000, 0x0000000713a00000| Complete 

Card table byte_map: [0x00000231251e0000,0x00000231259d0000] _byte_map_base: 0x00000231219c1000

Marking Bits (Prev, Next): (CMBitMap*) 0x0000023112272cc0, (CMBitMap*) 0x0000023112272d00
 Prev Bits: [0x00000231261c0000, 0x000002312a0c8000)
 Next Bits: [0x000002312a0d0000, 0x000002312dfd8000)

Polling page: 0x00000231101d0000

Metaspace:

Usage:
  Non-class:      7.35 MB used.
      Class:    725.36 KB used.
       Both:      8.06 MB used.

Virtual space:
  Non-class space:        8.00 MB reserved,       7.38 MB ( 92%) committed,  1 nodes.
      Class space:        1.00 GB reserved,     768.00 KB ( <1%) committed,  1 nodes.
             Both:        1.01 GB reserved,       8.12 MB ( <1%) committed. 

Chunk freelists:
   Non-Class:  322.00 KB
       Class:  3.20 MB
        Both:  3.52 MB

MaxMetaspaceSize: unlimited
CompressedClassSpaceSize: 1.00 GB
Initial GC threshold: 21.00 MB
Current GC threshold: 21.00 MB
CDS: off
MetaspaceReclaimPolicy: balanced
 - commit_granule_bytes: 65536.
 - commit_granule_words: 8192.
 - virtual_space_node_default_size: 1048576.
 - enlarge_chunks_in_place: 1.
 - new_chunks_are_fully_committed: 0.
 - uncommit_free_chunks: 1.
 - use_allocation_guard: 0.
 - handle_deallocations: 1.


Internal statistics:

num_allocs_failed_limit: 0.
num_arena_births: 12.
num_arena_deaths: 0.
num_vsnodes_births: 2.
num_vsnodes_deaths: 0.
num_space_committed: 130.
num_space_uncommitted: 0.
num_chunks_returned_to_freelist: 0.
num_chunks_taken_from_freelist: 52.
num_chunk_merges: 0.
num_chunk_splits: 22.
num_chunks_enlarged: 17.
num_purges: 0.
num_inconsistent_stats: 0.

CodeHeap 'non-profiled nmethods': size=120000Kb used=161Kb max_used=161Kb free=119838Kb
 bounds [0x000002311d190000, 0x000002311d400000, 0x00000231246c0000]
CodeHeap 'profiled nmethods': size=120000Kb used=771Kb max_used=771Kb free=119228Kb
 bounds [0x00000231156c0000, 0x0000023115930000, 0x000002311cbf0000]
CodeHeap 'non-nmethods': size=5760Kb used=1123Kb max_used=1142Kb free=4636Kb
 bounds [0x000002311cbf0000, 0x000002311ce60000, 0x000002311d190000]
 total_blobs=907 nmethods=501 adapters=319
 compilation: enabled
              stopped_count=0, restarted_count=0
 full_count=0

Compilation events (20 events):
Event: 0.338 Thread 0x000002313145d220 nmethod 476 0x0000023115772910 code [0x0000023115772b20, 0x0000023115772f28]
Event: 0.338 Thread 0x000002313145d220  472       1       org.gradle.internal.classpath.DefaultClassPath$ImmutableUniqueList::size (5 bytes)
Event: 0.338 Thread 0x000002313145d220 nmethod 472 0x000002311d1b5390 code [0x000002311d1b5520, 0x000002311d1b55f8]
Event: 0.338 Thread 0x000002313145d220  477       3       org.gradle.internal.Cast::uncheckedNonnullCast (2 bytes)
Event: 0.339 Thread 0x000002313145d220 nmethod 477 0x0000023115773190 code [0x0000023115773320, 0x0000023115773418]
Event: 0.339 Thread 0x000002313145d220  478       3       java.lang.StringLatin1::compareToCI (108 bytes)
Event: 0.339 Thread 0x000002313145d220 nmethod 478 0x0000023115773490 code [0x00000231157736e0, 0x0000023115773fd8]
Event: 0.340 Thread 0x000002313145d220  479       3       java.util.AbstractCollection::addAll (42 bytes)
Event: 0.340 Thread 0x000002313145d220 nmethod 479 0x0000023115774410 code [0x0000023115774600, 0x0000023115774b38]
Event: 0.340 Thread 0x000002313145c830 nmethod 464 0x000002311d1b5690 code [0x000002311d1b5860, 0x000002311d1b60e8]
Event: 0.340 Thread 0x000002313145c830  465       4       java.util.zip.ZipFile$Source::isMetaName (141 bytes)
Event: 0.341 Thread 0x000002313145d220  482       3       jdk.internal.jimage.ImageStringsReader::unmaskedHashCode (166 bytes)
Event: 0.342 Thread 0x000002313145d220 nmethod 482 0x0000023115774c90 code [0x0000023115774ee0, 0x0000023115775ad8]
Event: 0.342 Thread 0x000002313145d220  483       3       jdk.internal.module.ModuleReferenceImpl::hashCode (56 bytes)
Event: 0.342 Thread 0x000002313145c830 nmethod 465 0x000002311d1b6790 code [0x000002311d1b6920, 0x000002311d1b6b78]
Event: 0.342 Thread 0x000002313145c830  480       4       java.util.HashMap::putVal (300 bytes)
Event: 0.342 Thread 0x000002313145d220 nmethod 483 0x0000023115776010 code [0x0000023115776200, 0x0000023115776688]
Event: 0.343 Thread 0x000002313145d220  484       3       java.io.File::isDirectory (34 bytes)
Event: 0.343 Thread 0x000002313145d220 nmethod 484 0x0000023115776810 code [0x0000023115776a00, 0x0000023115776f48]
Event: 0.343 Thread 0x000002313145d220  486       3       java.net.URI$Parser::scan (76 bytes)

GC Heap History (0 events):
No events

Dll operation events (2 events):
Event: 0.006 Loaded shared library C:\Program Files\Android\Android Studio\jbr\bin\java.dll
Event: 0.103 Loaded shared library C:\Program Files\Android\Android Studio\jbr\bin\verify.dll

Deoptimization events (20 events):
Event: 0.232 Thread 0x0000023112204670 DEOPT PACKING pc=0x00000231156efc7e sp=0x0000007af40fd990
Event: 0.232 Thread 0x0000023112204670 DEOPT UNPACKING pc=0x000002311cc47143 sp=0x0000007af40fce00 mode 0
Event: 0.233 Thread 0x0000023112204670 DEOPT PACKING pc=0x00000231156efc7e sp=0x0000007af40fd990
Event: 0.233 Thread 0x0000023112204670 DEOPT UNPACKING pc=0x000002311cc47143 sp=0x0000007af40fce00 mode 0
Event: 0.268 Thread 0x0000023112204670 DEOPT PACKING pc=0x0000023115715302 sp=0x0000007af40fd6b0
Event: 0.268 Thread 0x0000023112204670 DEOPT UNPACKING pc=0x000002311cc47143 sp=0x0000007af40fcb70 mode 0
Event: 0.276 Thread 0x0000023112204670 DEOPT PACKING pc=0x0000023115715302 sp=0x0000007af40fd780
Event: 0.276 Thread 0x0000023112204670 DEOPT UNPACKING pc=0x000002311cc47143 sp=0x0000007af40fcc40 mode 0
Event: 0.328 Thread 0x0000023112204670 Uncommon trap: trap_request=0xffffff45 fr.pc=0x000002311d1af038 relative=0x00000000000003f8
Event: 0.328 Thread 0x0000023112204670 Uncommon trap: reason=unstable_if action=reinterpret pc=0x000002311d1af038 method=java.util.zip.ZipCoder$UTF8ZipCoder.checkedHash([BII)I @ 27 c2
Event: 0.329 Thread 0x0000023112204670 DEOPT PACKING pc=0x000002311d1af038 sp=0x0000007af40fd3c0
Event: 0.329 Thread 0x0000023112204670 DEOPT UNPACKING pc=0x000002311cc469a3 sp=0x0000007af40fd2a8 mode 2
Event: 0.329 Thread 0x0000023112204670 Uncommon trap: trap_request=0xffffff45 fr.pc=0x000002311d19a354 relative=0x00000000000001d4
Event: 0.329 Thread 0x0000023112204670 Uncommon trap: reason=unstable_if action=reinterpret pc=0x000002311d19a354 method=java.lang.String.hashCode()I @ 20 c2
Event: 0.329 Thread 0x0000023112204670 DEOPT PACKING pc=0x000002311d19a354 sp=0x0000007af40fd230
Event: 0.329 Thread 0x0000023112204670 DEOPT UNPACKING pc=0x000002311cc469a3 sp=0x0000007af40fd1c8 mode 2
Event: 0.329 Thread 0x0000023112204670 Uncommon trap: trap_request=0xffffff45 fr.pc=0x000002311d1afc4c relative=0x00000000000001ac
Event: 0.329 Thread 0x0000023112204670 Uncommon trap: reason=unstable_if action=reinterpret pc=0x000002311d1afc4c method=java.util.zip.ZipFile$Source.isMetaName([BII)Z @ 57 c2
Event: 0.329 Thread 0x0000023112204670 DEOPT PACKING pc=0x000002311d1afc4c sp=0x0000007af40fd3d0
Event: 0.329 Thread 0x0000023112204670 DEOPT UNPACKING pc=0x000002311cc469a3 sp=0x0000007af40fd378 mode 2

Classes unloaded (0 events):
No events

Classes redefined (0 events):
No events

Internal exceptions (1 events):
Event: 0.201 Thread 0x0000023112204670 Exception <a 'java/lang/NoSuchMethodError'{0x00000007139815b0}: 'int java.lang.invoke.DirectMethodHandle$Holder.invokeStaticInit(java.lang.Object, java.lang.Object)'> (0x00000007139815b0) 
thrown [s\src\hotspot\share\interpreter\linkResolver.cpp, line 771]

VM Operations (2 events):
Event: 0.100 Executing VM operation: HandshakeAllThreads
Event: 0.100 Executing VM operation: HandshakeAllThreads done

Events (20 events):
Event: 0.203 loading class java/io/FileFilter
Event: 0.203 loading class java/io/FileFilter done
Event: 0.215 loading class java/util/Collections$UnmodifiableList
Event: 0.215 loading class java/util/Collections$UnmodifiableList done
Event: 0.215 loading class java/util/Collections$UnmodifiableRandomAccessList
Event: 0.215 loading class java/util/Collections$UnmodifiableRandomAccessList done
Event: 0.218 loading class java/util/AbstractList$Itr
Event: 0.218 loading class java/util/AbstractList$Itr done
Event: 0.219 loading class java/util/zip/ZipException
Event: 0.219 loading class java/util/zip/ZipException done
Event: 0.219 loading class java/util/ArrayList$SubList
Event: 0.219 loading class java/util/ArrayList$SubList done
Event: 0.224 loading class java/util/Collections$UnmodifiableCollection$1
Event: 0.224 loading class java/util/Collections$UnmodifiableCollection$1 done
Event: 0.226 loading class java/util/Collections$SingletonSet
Event: 0.226 loading class java/util/Collections$SingletonSet done
Event: 0.226 loading class java/util/Collections$1
Event: 0.226 loading class java/util/Collections$1 done
Event: 0.229 loading class java/lang/invoke/DirectMethodHandle$Special
Event: 0.229 loading class java/lang/invoke/DirectMethodHandle$Special done


Dynamic libraries:
0x00007ff72edb0000 - 0x00007ff72edba000 	C:\Program Files\Android\Android Studio\jbr\bin\java.exe
0x00007ff9cbcb0000 - 0x00007ff9cbec7000 	C:\WINDOWS\SYSTEM32\ntdll.dll
0x00007ff9ca920000 - 0x00007ff9ca9e4000 	C:\WINDOWS\System32\KERNEL32.DLL
0x00007ff9c9250000 - 0x00007ff9c95f6000 	C:\WINDOWS\System32\KERNELBASE.dll
0x00007ff9c9840000 - 0x00007ff9c9951000 	C:\WINDOWS\System32\ucrtbase.dll
0x00007ff9b46a0000 - 0x00007ff9b46bb000 	C:\Program Files\Android\Android Studio\jbr\bin\VCRUNTIME140.dll
0x00007ff9afe10000 - 0x00007ff9afe27000 	C:\Program Files\Android\Android Studio\jbr\bin\jli.dll
0x00007ff9c9a50000 - 0x00007ff9c9bfe000 	C:\WINDOWS\System32\USER32.dll
0x00007ff9c9960000 - 0x00007ff9c9986000 	C:\WINDOWS\System32\win32u.dll
0x00007ff9a79d0000 - 0x00007ff9a7c63000 	C:\WINDOWS\WinSxS\amd64_microsoft.windows.common-controls_6595b64144ccf1df_6.0.22621.2506_none_270c5ae97388e100\COMCTL32.dll
0x00007ff9c9a00000 - 0x00007ff9c9a29000 	C:\WINDOWS\System32\GDI32.dll
0x00007ff9cbbc0000 - 0x00007ff9cbc67000 	C:\WINDOWS\System32\msvcrt.dll
0x00007ff9c9600000 - 0x00007ff9c9718000 	C:\WINDOWS\System32\gdi32full.dll
0x00007ff9c9720000 - 0x00007ff9c97ba000 	C:\WINDOWS\System32\msvcp_win.dll
0x00007ff9c9cb0000 - 0x00007ff9c9ce1000 	C:\WINDOWS\System32\IMM32.DLL
0x00007ff9b5c90000 - 0x00007ff9b5c9c000 	C:\Program Files\Android\Android Studio\jbr\bin\vcruntime140_1.dll
0x00007ff983190000 - 0x00007ff98321d000 	C:\Program Files\Android\Android Studio\jbr\bin\msvcp140.dll
0x00007ff9486e0000 - 0x00007ff94934e000 	C:\Program Files\Android\Android Studio\jbr\bin\server\jvm.dll
0x00007ff9c9f00000 - 0x00007ff9c9fb3000 	C:\WINDOWS\System32\ADVAPI32.dll
0x00007ff9cbb10000 - 0x00007ff9cbbb8000 	C:\WINDOWS\System32\sechost.dll
0x00007ff9c90b0000 - 0x00007ff9c90d8000 	C:\WINDOWS\System32\bcrypt.dll
0x00007ff9ca2b0000 - 0x00007ff9ca3c7000 	C:\WINDOWS\System32\RPCRT4.dll
0x00007ff9b4520000 - 0x00007ff9b4529000 	C:\WINDOWS\SYSTEM32\WSOCK32.dll
0x00007ff9c0910000 - 0x00007ff9c0944000 	C:\WINDOWS\SYSTEM32\WINMM.dll
0x00007ff9ca0c0000 - 0x00007ff9ca131000 	C:\WINDOWS\System32\WS2_32.dll
0x00007ff9c07a0000 - 0x00007ff9c07aa000 	C:\WINDOWS\SYSTEM32\VERSION.dll
0x00007ff9c8030000 - 0x00007ff9c8048000 	C:\WINDOWS\SYSTEM32\kernel.appcore.dll
0x00007ff9b5560000 - 0x00007ff9b556a000 	C:\Program Files\Android\Android Studio\jbr\bin\jimage.dll
0x00007ff9c4010000 - 0x00007ff9c4243000 	C:\WINDOWS\SYSTEM32\DBGHELP.DLL
0x00007ff9ca3d0000 - 0x00007ff9ca759000 	C:\WINDOWS\System32\combase.dll
0x00007ff9c9cf0000 - 0x00007ff9c9dc7000 	C:\WINDOWS\System32\OLEAUT32.dll
0x00007ff9a7990000 - 0x00007ff9a79c2000 	C:\WINDOWS\SYSTEM32\dbgcore.DLL
0x00007ff9c97c0000 - 0x00007ff9c983a000 	C:\WINDOWS\System32\bcryptPrimitives.dll
0x00007ff9a6030000 - 0x00007ff9a6055000 	C:\Program Files\Android\Android Studio\jbr\bin\java.dll
0x00007ff9af540000 - 0x00007ff9af558000 	C:\Program Files\Android\Android Studio\jbr\bin\zip.dll
0x00007ff9cb2b0000 - 0x00007ff9cbb0b000 	C:\WINDOWS\System32\SHELL32.dll
0x00007ff9c6f50000 - 0x00007ff9c7846000 	C:\WINDOWS\SYSTEM32\windows.storage.dll
0x00007ff9c6e10000 - 0x00007ff9c6f4e000 	C:\WINDOWS\SYSTEM32\wintypes.dll
0x00007ff9c9de0000 - 0x00007ff9c9ed3000 	C:\WINDOWS\System32\SHCORE.dll
0x00007ff9cb250000 - 0x00007ff9cb2ae000 	C:\WINDOWS\System32\shlwapi.dll
0x00007ff9c8f20000 - 0x00007ff9c8f46000 	C:\WINDOWS\SYSTEM32\profapi.dll
0x00007ff9acd70000 - 0x00007ff9acd89000 	C:\Program Files\Android\Android Studio\jbr\bin\net.dll
0x00007ff9c0c00000 - 0x00007ff9c0d37000 	C:\WINDOWS\SYSTEM32\WINHTTP.dll
0x00007ff9c84b0000 - 0x00007ff9c8519000 	C:\WINDOWS\system32\mswsock.dll
0x00007ff9acb30000 - 0x00007ff9acb46000 	C:\Program Files\Android\Android Studio\jbr\bin\nio.dll
0x00007ff9b2700000 - 0x00007ff9b2710000 	C:\Program Files\Android\Android Studio\jbr\bin\verify.dll

dbghelp: loaded successfully - version: 4.0.5 - missing functions: none
symbol engine: initialized successfully - sym options: 0x614 - pdb path: .;C:\Program Files\Android\Android Studio\jbr\bin;C:\WINDOWS\SYSTEM32;C:\WINDOWS\WinSxS\amd64_microsoft.windows.common-controls_6595b64144ccf1df_6.0.22621.2506_none_270c5ae97388e100;C:\Program Files\Android\Android Studio\jbr\bin\server

VM Arguments:
jvm_args: -Dorg.gradle.appname=gradlew 
java_command: org.gradle.wrapper.GradleWrapperMain -q -Ptarget-platform=android-arm64 -Ptarget=C:\My Projects\Flutter Projects\Health Plus\health_plus\lib\main.dart -Pbase-application-name=android.app.Application -Pdart-defines=RkxVVFRFUl9XRUJfQVVUT19ERVRFQ1Q9dHJ1ZQ==,RkxVVFRFUl9XRUJfQ0FOVkFTS0lUX1VSTD1odHRwczovL3d3dy5nc3RhdGljLmNvbS9mbHV0dGVyLWNhbnZhc2tpdC9hNzk0Y2YyNjgxYzZjOWZlN2IyNjBlMGU4NGRlOTYyOThkYzljMThiLw== -Pdart-obfuscation=false -Ptrack-widget-creation=true -Ptree-shake-icons=false -Pfilesystem-scheme=org-dartlang-root assembleDebug
java_class_path (initial): C:\My Projects\Flutter Projects\Health Plus\health_plus\android\\gradle\wrapper\gradle-wrapper.jar
Launcher Type: SUN_STANDARD

[Global flags]
     intx CICompilerCount                          = 4                                         {product} {ergonomic}
     uint ConcGCThreads                            = 2                                         {product} {ergonomic}
     uint G1ConcRefinementThreads                  = 8                                         {product} {ergonomic}
   size_t G1HeapRegionSize                         = 2097152                                   {product} {ergonomic}
    uintx GCDrainStackTargetSize                   = 64                                        {product} {ergonomic}
   size_t InitialHeapSize                          = 266338304                                 {product} {ergonomic}
   size_t MarkStackSize                            = 4194304                                   {product} {ergonomic}
   size_t MaxHeapSize                              = 4229955584                                {product} {ergonomic}
   size_t MaxNewSize                               = 2537553920                                {product} {ergonomic}
   size_t MinHeapDeltaBytes                        = 2097152                                   {product} {ergonomic}
   size_t MinHeapSize                              = 8388608                                   {product} {ergonomic}
    uintx NonNMethodCodeHeapSize                   = 5839372                                {pd product} {ergonomic}
    uintx NonProfiledCodeHeapSize                  = 122909434                              {pd product} {ergonomic}
    uintx ProfiledCodeHeapSize                     = 122909434                              {pd product} {ergonomic}
    uintx ReservedCodeCacheSize                    = 251658240                              {pd product} {ergonomic}
     bool SegmentedCodeCache                       = true                                      {product} {ergonomic}
   size_t SoftMaxHeapSize                          = 4229955584                             {manageable} {ergonomic}
     bool UseCompressedClassPointers               = true                           {product lp64_product} {ergonomic}
     bool UseCompressedOops                        = true                           {product lp64_product} {ergonomic}
     bool UseG1GC                                  = true                                      {product} {ergonomic}
     bool UseLargePagesIndividualAllocation        = false                                  {pd product} {ergonomic}

Logging:
Log output configuration:
 #0: stdout all=warning uptime,level,tags
 #1: stderr all=off uptime,level,tags

Environment Variables:
JAVA_HOME=C:\Program Files\Android\Android Studio\jbr
CLASSPATH=C:\My Projects\Flutter Projects\Health Plus\health_plus\android\\gradle\wrapper\gradle-wrapper.jar
PATH=C:\Program Files\Android\Android Studio\jbr\bin;C:\Program Files\Microsoft\jdk-11.0.16.101-hotspot\bin;C:\app\oracle\product\11.2.0\client_1\bin;C:\app\oracle\product\11.2.0\dbhome_1\bin;C:\Program Files (x86)\NVIDIA Corporation\PhysX\Common;C:\WINDOWS\system32;C:\WINDOWS;C:\WINDOWS\System32\Wbem;C:\WINDOWS\System32\WindowsPowerShell\v1.0\;C:\WINDOWS\System32\OpenSSH\;C:\Program Files\Git\cmd;C:\Program Files\Microsoft SQL Server\150\Tools\Binn\;C:\Program Files\Microsoft SQL Server\Client SDK\ODBC\170\Tools\Binn\;C:\Users\Sbudah\AppData\Local\Pub\Cache\bin;C:\Program Files\nodejs\;C:\Program Files (x86)\Microsoft SQL Server\160\DTS\Binn\;C:\Program Files\Azure Data Studio\bin;C:\Program Files (x86)\Microsoft SQL Server\160\Tools\Binn\;C:\Program Files\Microsoft SQL Server\160\Tools\Binn\;C:\Program Files\Microsoft SQL Server\160\DTS\Binn\;C:\Program Files\dotnet\;C:\Users\Sbudah\AppData\Local\Microsoft\WindowsApps;C:\Users\Sbudah\AppData\Local\Programs\Microsoft VS Code\bin;C:\Users\Sbudah\Developer\flutter\bin;C:\Users\Sbudah\AppData\Local\Pub\Cache\bin;C:\Users\Sbudah\AppData\Roaming\npm;;C:\Program Files\Azure Data Studio\bin;C:\Users\Sbudah\.dotnet\tools;C:\Users\Sbudah\Developer\flutter\bin\mingit\cmd;C:\Users\Sbudah\Developer\flutter\bin\mingit\cmd
USERNAME=Sbudah
OS=Windows_NT
PROCESSOR_IDENTIFIER=Intel64 Family 6 Model 142 Stepping 12, GenuineIntel
TMP=C:\Users\Sbudah\AppData\Local\Temp
TEMP=C:\Users\Sbudah\AppData\Local\Temp


JNI global refs:
JNI global refs: 8, weak refs: 0

JNI global refs memory usage: 843, weak refs: 841


---------------  S Y S T E M  ---------------

OS:
 Windows 11 , 64 bit Build 22621 (10.0.22621.3085)
OS uptime: 4 days 3:48 hours

CPU: total 8 (initial active 8) (4 cores per cpu, 2 threads per core) family 6 model 142 stepping 12 microcode 0xde, cx8, cmov, fxsr, ht, mmx, 3dnowpref, sse, sse2, sse3, ssse3, sse4.1, sse4.2, popcnt, lzcnt, tsc, tscinvbit, avx, avx2, aes, erms, clmul, bmi1, bmi2, adx, fma, vzeroupper, clflush, clflushopt

Memory: 4k page, system-wide physical 16133M (1760M free)
TotalPageFile size 65285M (AvailPageFile size 0M)
current process WorkingSet (physical memory assigned to process): 54M, peak: 54M
current process commit charge ("private bytes"): 341M, peak: 341M

vm_info: OpenJDK 64-Bit Server VM (17.0.6+0-b2043.56-10027231) for windows-amd64 JRE (17.0.6+0-b2043.56-10027231), built on Apr 28 2023 00:43:19 by "androidbuild" with MS VC++ 16.10 / 16.11 (VS2019)

END.
